<?xml version="1.0" encoding="UTF-8"?>
<!-- Generated by org.testng.reporters.JUnitXMLReporter -->
<testsuite ignored="3" hostname="DESKTOP-GCLCB0O" failures="0" tests="7" name="Test" time="14.225" errors="0" timestamp="2021-07-30T17:12:40 EDT">
  <testcase classname="practice.Signin_tng" name="openurl" time="1.059"/>
  <testcase classname="practice.Signin_tng" name="signin" time="1.615"/>
  <testcase classname="practice.Signin_tng" name="enteremail" time="0.376"/>
  <testcase classname="practice.Signin_tng" name="enteremail" time="0.288"/>
  <testcase classname="practice.Signin_tng" name="enteremail" time="0.437"/>
  <testcase classname="practice.Signin_tng" name="clicksubmit" time="0.246"/>
  <testcase classname="practice.Signin_tng" name="personalinfo" time="2.709"/>
  <testcase classname="practice.Signin_tng" name="mobilephone" time="0.0">
    <ignored/>
  </testcase> <!-- mobilephone -->
  <testcase classname="practice.Signin_tng" name="selectdays" time="0.0">
    <ignored/>
  </testcase> <!-- selectdays -->
  <testcase classname="practice.Signin_tng" name="company" time="0.0">
    <ignored/>
  </testcase> <!-- company -->
</testsuite> <!-- Test -->
