<?xml version="1.0" encoding="UTF-8"?>
<testng-results ignored="0" total="1" passed="1" failed="0" skipped="0">
  <reporter-output>
  </reporter-output>
  <suite started-at="2021-08-06T20:27:18 EDT" name="Default suite" finished-at="2021-08-06T20:27:27 EDT" duration-ms="8973">
    <groups>
    </groups>
    <test started-at="2021-08-06T20:27:18 EDT" name="Default test" finished-at="2021-08-06T20:27:27 EDT" duration-ms="8973">
      <class name="practice.Loop_class">
        <test-method is-config="true" signature="setup()[pri:0, instance:practice.Loop_class@79da8dc5]" started-at="2021-08-06T20:27:18 EDT" name="setup" finished-at="2021-08-06T20:27:23 EDT" duration-ms="5642" status="PASS">
          <reporter-output>
          </reporter-output>
        </test-method> <!-- setup -->
        <test-method signature="signin()[pri:0, instance:practice.Loop_class@79da8dc5]" started-at="2021-08-06T20:27:23 EDT" name="signin" finished-at="2021-08-06T20:27:27 EDT" duration-ms="3295" status="PASS">
          <reporter-output>
          </reporter-output>
        </test-method> <!-- signin -->
      </class> <!-- practice.Loop_class -->
    </test> <!-- Default test -->
  </suite> <!-- Default suite -->
</testng-results>
